ERROR - 2017-10-22 11:06:31 --> Severity: Parsing Error --> syntax error, unexpected ',' C:\xampp\htdocs\giarehon\public_site\controllers\Home.php 62
ERROR - 2017-10-22 11:06:34 --> Severity: Parsing Error --> syntax error, unexpected ',' C:\xampp\htdocs\giarehon\public_site\controllers\Home.php 62
ERROR - 2017-10-22 11:06:37 --> Severity: Parsing Error --> syntax error, unexpected ',' C:\xampp\htdocs\giarehon\public_site\controllers\Home.php 62
ERROR - 2017-10-22 15:57:37 --> Severity: Warning --> preg_match(): Unknown modifier 'c' C:\xampp\htdocs\giarehon\public_site\controllers\Home.php 90
ERROR - 2017-10-22 15:59:21 --> Severity: Warning --> preg_match(): Unknown modifier 'c' C:\xampp\htdocs\giarehon\public_site\controllers\Home.php 90
ERROR - 2017-10-22 16:02:36 --> Severity: Warning --> preg_match(): Unknown modifier 'c' C:\xampp\htdocs\giarehon\public_site\controllers\Home.php 90
ERROR - 2017-10-22 16:13:41 --> Severity: Parsing Error --> syntax error, unexpected => (T_DOUBLE_ARROW) xdebug://debug-eval 1
ERROR - 2017-10-22 16:31:53 --> Severity: Notice --> Undefined offset: 1 C:\xampp\htdocs\giarehon\public_site\controllers\Home.php 102
ERROR - 2017-10-22 16:31:53 --> Severity: Warning --> Invalid argument supplied for foreach() C:\xampp\htdocs\giarehon\public_site\controllers\Home.php 104
ERROR - 2017-10-22 16:31:58 --> Severity: Notice --> Undefined offset: 1 C:\xampp\htdocs\giarehon\public_site\controllers\Home.php 102
ERROR - 2017-10-22 16:31:58 --> Severity: Warning --> Invalid argument supplied for foreach() C:\xampp\htdocs\giarehon\public_site\controllers\Home.php 104
ERROR - 2017-10-22 16:39:05 --> 404 Page Not Found: Home/gioi-thieu
ERROR - 2017-10-22 19:07:39 --> Severity: Notice --> Undefined offset: 1 C:\xampp\htdocs\giarehon\public_site\controllers\Home.php 114
ERROR - 2017-10-22 19:07:39 --> Severity: Warning --> Invalid argument supplied for foreach() C:\xampp\htdocs\giarehon\public_site\controllers\Home.php 116
ERROR - 2017-10-22 19:29:52 --> Severity: Notice --> Undefined offset: 1 C:\xampp\htdocs\giarehon\public_site\controllers\Home.php 116
ERROR - 2017-10-22 19:29:52 --> Severity: Warning --> Invalid argument supplied for foreach() C:\xampp\htdocs\giarehon\public_site\controllers\Home.php 118
ERROR - 2017-10-22 19:30:01 --> Severity: Notice --> Undefined offset: 1 C:\xampp\htdocs\giarehon\public_site\controllers\Home.php 116
ERROR - 2017-10-22 19:30:01 --> Severity: Warning --> Invalid argument supplied for foreach() C:\xampp\htdocs\giarehon\public_site\controllers\Home.php 118
ERROR - 2017-10-22 19:30:08 --> Severity: Notice --> Undefined offset: 1 C:\xampp\htdocs\giarehon\public_site\controllers\Home.php 116
ERROR - 2017-10-22 19:30:08 --> Severity: Warning --> Invalid argument supplied for foreach() C:\xampp\htdocs\giarehon\public_site\controllers\Home.php 118
ERROR - 2017-10-22 19:30:14 --> Severity: Notice --> Undefined offset: 1 C:\xampp\htdocs\giarehon\public_site\controllers\Home.php 116
ERROR - 2017-10-22 19:30:14 --> Severity: Warning --> Invalid argument supplied for foreach() C:\xampp\htdocs\giarehon\public_site\controllers\Home.php 118
ERROR - 2017-10-22 19:30:19 --> Severity: Notice --> Undefined offset: 1 C:\xampp\htdocs\giarehon\public_site\controllers\Home.php 116
ERROR - 2017-10-22 19:30:19 --> Severity: Warning --> Invalid argument supplied for foreach() C:\xampp\htdocs\giarehon\public_site\controllers\Home.php 118
ERROR - 2017-10-22 19:30:46 --> Severity: Notice --> Undefined offset: 1 C:\xampp\htdocs\giarehon\public_site\controllers\Home.php 116
ERROR - 2017-10-22 19:30:46 --> Severity: Warning --> Invalid argument supplied for foreach() C:\xampp\htdocs\giarehon\public_site\controllers\Home.php 118
ERROR - 2017-10-22 19:34:05 --> Severity: Notice --> Undefined offset: 1 C:\xampp\htdocs\giarehon\public_site\controllers\Home.php 116
ERROR - 2017-10-22 19:34:05 --> Severity: Warning --> Invalid argument supplied for foreach() C:\xampp\htdocs\giarehon\public_site\controllers\Home.php 118
ERROR - 2017-10-22 20:04:28 --> Severity: Notice --> Undefined variable: searchKey C:\xampp\htdocs\giarehon\public_site\controllers\Home.php 142
ERROR - 2017-10-22 20:32:16 --> Severity: Parsing Error --> syntax error, unexpected '}' C:\xampp\htdocs\giarehon\public_site\controllers\Home.php 150
ERROR - 2017-10-22 20:48:36 --> Severity: Notice --> Undefined index: slc_search_on C:\xampp\htdocs\giarehon\public_site\views\form_search.php 3
ERROR - 2017-10-22 20:49:07 --> Severity: Notice --> Undefined index: slc_search_on C:\xampp\htdocs\giarehon\public_site\views\form_search.php 3
ERROR - 2017-10-22 20:51:28 --> Severity: Notice --> Undefined index: slc_search_on C:\xampp\htdocs\giarehon\public_site\views\form_search.php 3
ERROR - 2017-10-22 21:05:11 --> Severity: Notice --> Undefined index: slc_search_on C:\xampp\htdocs\giarehon\public_site\views\form_search.php 3
ERROR - 2017-10-22 21:10:35 --> Severity: Notice --> Undefined index: slc_search_on C:\xampp\htdocs\giarehon\public_site\views\form_search.php 3
ERROR - 2017-10-22 21:11:03 --> Severity: Notice --> Undefined index: slc_search_on C:\xampp\htdocs\giarehon\public_site\views\form_search.php 3
ERROR - 2017-10-22 21:37:42 --> Severity: Notice --> Undefined index: slc_search_on C:\xampp\htdocs\giarehon\public_site\views\form_search.php 3
ERROR - 2017-10-22 21:41:23 --> Severity: Notice --> Undefined index: slc_search_on C:\xampp\htdocs\giarehon\public_site\views\form_search.php 3
ERROR - 2017-10-22 21:41:40 --> Severity: Notice --> Undefined index: slc_search_on C:\xampp\htdocs\giarehon\public_site\views\form_search.php 3
ERROR - 2017-10-22 21:44:15 --> Severity: Notice --> Undefined index: slc_search_on C:\xampp\htdocs\giarehon\public_site\views\form_search.php 3
ERROR - 2017-10-22 21:44:36 --> Severity: Notice --> Undefined index: slc_search_on C:\xampp\htdocs\giarehon\public_site\views\form_search.php 3
ERROR - 2017-10-22 21:45:30 --> Severity: Notice --> Undefined index: slc_search_on C:\xampp\htdocs\giarehon\public_site\views\form_search.php 3
ERROR - 2017-10-22 21:48:52 --> Severity: Notice --> Undefined index: slc_search_on C:\xampp\htdocs\giarehon\public_site\views\form_search.php 3
ERROR - 2017-10-22 21:51:34 --> Severity: Notice --> Undefined index: slc_search_on C:\xampp\htdocs\giarehon\public_site\views\form_search.php 3
ERROR - 2017-10-22 21:52:16 --> Severity: Notice --> Undefined index: slc_search_on C:\xampp\htdocs\giarehon\public_site\views\form_search.php 3
ERROR - 2017-10-22 21:52:31 --> Severity: Notice --> Undefined index: slc_search_on C:\xampp\htdocs\giarehon\public_site\views\form_search.php 3
ERROR - 2017-10-22 21:52:42 --> Severity: Notice --> Undefined index: slc_search_on C:\xampp\htdocs\giarehon\public_site\views\form_search.php 3
ERROR - 2017-10-22 21:55:24 --> Severity: Notice --> Undefined index: slc_search_on C:\xampp\htdocs\giarehon\public_site\views\form_search.php 3
ERROR - 2017-10-22 21:56:00 --> Severity: Notice --> Undefined index: slc_search_on C:\xampp\htdocs\giarehon\public_site\views\form_search.php 3
ERROR - 2017-10-22 21:56:39 --> Severity: Notice --> Undefined index: slc_search_on C:\xampp\htdocs\giarehon\public_site\views\form_search.php 3
ERROR - 2017-10-22 21:57:13 --> Severity: Notice --> Undefined index: slc_search_on C:\xampp\htdocs\giarehon\public_site\views\form_search.php 3
ERROR - 2017-10-22 22:19:59 --> Severity: Notice --> Undefined index: slc_search_on C:\xampp\htdocs\giarehon\public_site\views\form_search.php 3
ERROR - 2017-10-22 22:20:07 --> Severity: Notice --> Undefined index: slc_search_on C:\xampp\htdocs\giarehon\public_site\views\form_search.php 3
ERROR - 2017-10-22 22:23:08 --> Severity: Notice --> Undefined index: slc_search_on C:\xampp\htdocs\giarehon\public_site\views\form_search.php 3
ERROR - 2017-10-22 22:23:19 --> Severity: Notice --> Undefined index: slc_search_on C:\xampp\htdocs\giarehon\public_site\views\form_search.php 3
ERROR - 2017-10-22 22:24:45 --> Severity: Notice --> Undefined index: slc_search_on C:\xampp\htdocs\giarehon\public_site\views\form_search.php 3
ERROR - 2017-10-22 22:26:31 --> Severity: Notice --> Undefined index: slc_search_on C:\xampp\htdocs\giarehon\public_site\views\form_search.php 3
ERROR - 2017-10-22 22:31:20 --> Severity: Notice --> Undefined index: slc_search_on C:\xampp\htdocs\giarehon\public_site\views\form_search.php 3
ERROR - 2017-10-22 22:33:16 --> Severity: Notice --> Undefined index: slc_search_on C:\xampp\htdocs\giarehon\public_site\views\form_search.php 3
ERROR - 2017-10-22 22:33:30 --> 404 Page Not Found: Ma-giam-gia/tiki.html
ERROR - 2017-10-22 22:33:32 --> Severity: Notice --> Undefined index: slc_search_on C:\xampp\htdocs\giarehon\public_site\views\form_search.php 3
ERROR - 2017-10-22 22:39:15 --> Severity: Notice --> Undefined index: slc_search_on C:\xampp\htdocs\giarehon\public_site\views\form_search.php 3
ERROR - 2017-10-22 22:39:15 --> Severity: Warning --> Cannot modify header information - headers already sent by (output started at C:\xampp\htdocs\giarehon\system\core\Output.php:538) C:\xampp\htdocs\giarehon\system\core\Common.php 570
ERROR - 2017-10-22 22:39:15 --> Severity: Parsing Error --> syntax error, unexpected ';' xdebug://debug-eval 1
ERROR - 2017-10-22 22:39:18 --> Severity: Notice --> Undefined index: slc_search_on C:\xampp\htdocs\giarehon\public_site\views\form_search.php 3
ERROR - 2017-10-22 22:39:56 --> Severity: Notice --> Undefined index: slc_search_on C:\xampp\htdocs\giarehon\public_site\views\form_search.php 3
ERROR - 2017-10-22 22:41:56 --> Severity: Notice --> Undefined index: slc_search_on C:\xampp\htdocs\giarehon\public_site\views\form_search.php 3
ERROR - 2017-10-22 22:46:20 --> Severity: Notice --> Undefined index: slc_search_on C:\xampp\htdocs\giarehon\public_site\views\form_search.php 3
ERROR - 2017-10-22 22:46:40 --> Severity: Notice --> Undefined index: slc_search_on C:\xampp\htdocs\giarehon\public_site\views\form_search.php 3
ERROR - 2017-10-22 22:47:14 --> Severity: Notice --> Undefined index: slc_search_on C:\xampp\htdocs\giarehon\public_site\views\form_search.php 3
ERROR - 2017-10-22 22:48:30 --> Severity: Notice --> Undefined index: slc_search_on C:\xampp\htdocs\giarehon\public_site\views\form_search.php 3
ERROR - 2017-10-22 22:53:22 --> Severity: Notice --> Undefined index: slc_search_on C:\xampp\htdocs\giarehon\public_site\views\form_search.php 3
ERROR - 2017-10-22 22:53:30 --> 404 Page Not Found: Ma-giam-gia/tiki.html
ERROR - 2017-10-22 22:53:50 --> Severity: Notice --> Undefined index: brand C:\xampp\htdocs\giarehon\public_site\controllers\Home.php 159
ERROR - 2017-10-22 22:53:50 --> Severity: Notice --> Undefined index: slc_search_on C:\xampp\htdocs\giarehon\public_site\views\form_search.php 3
ERROR - 2017-10-22 22:53:50 --> Severity: Notice --> Undefined index: brand C:\xampp\htdocs\giarehon\public_site\views\coupon.php 3
ERROR - 2017-10-22 22:54:31 --> Severity: Notice --> Undefined index: slc_search_on C:\xampp\htdocs\giarehon\public_site\views\form_search.php 3
ERROR - 2017-10-22 22:55:20 --> Severity: Notice --> Undefined index: slc_search_on C:\xampp\htdocs\giarehon\public_site\views\form_search.php 3
ERROR - 2017-10-22 22:56:50 --> Severity: Notice --> Undefined index: slc_search_on C:\xampp\htdocs\giarehon\public_site\views\form_search.php 3
ERROR - 2017-10-22 22:57:25 --> Severity: Notice --> Undefined index: slc_search_on C:\xampp\htdocs\giarehon\public_site\views\form_search.php 3
ERROR - 2017-10-22 22:59:26 --> Severity: Notice --> Undefined index: slc_search_on C:\xampp\htdocs\giarehon\public_site\views\form_search.php 3
ERROR - 2017-10-22 23:00:38 --> Severity: Notice --> Undefined index: slc_search_on C:\xampp\htdocs\giarehon\public_site\views\form_search.php 3
ERROR - 2017-10-22 23:01:17 --> Severity: Notice --> Undefined index: slc_search_on C:\xampp\htdocs\giarehon\public_site\views\form_search.php 3
ERROR - 2017-10-22 23:01:27 --> Severity: Notice --> Undefined index: slc_search_on C:\xampp\htdocs\giarehon\public_site\views\form_search.php 3
ERROR - 2017-10-22 23:01:33 --> Severity: Notice --> Undefined index: slc_search_on C:\xampp\htdocs\giarehon\public_site\views\form_search.php 3
ERROR - 2017-10-22 23:01:56 --> Severity: Notice --> Undefined index: slc_search_on C:\xampp\htdocs\giarehon\public_site\views\form_search.php 3
